0 info it worked if it ends with ok
1 verbose cli [ 'C:\\Program Files\\nodejs\\\\node.exe',
1 verbose cli   'C:\\Program Files\\nodejs\\node_modules\\npm\\bin\\npm-cli.js',
1 verbose cli   'install',
1 verbose cli   'jquery',
1 verbose cli   '--save' ]
2 info using npm@1.4.28
3 info using node@v0.10.36
4 verbose node symlink C:\Program Files\nodejs\\node.exe
5 verbose readDependencies using package.json deps
6 verbose cache add [ 'jquery', null ]
7 verbose cache add name=undefined spec="jquery" args=["jquery",null]
8 verbose parsed url { protocol: null,
8 verbose parsed url   slashes: null,
8 verbose parsed url   auth: null,
8 verbose parsed url   host: null,
8 verbose parsed url   port: null,
8 verbose parsed url   hostname: null,
8 verbose parsed url   hash: null,
8 verbose parsed url   search: null,
8 verbose parsed url   query: null,
8 verbose parsed url   pathname: 'jquery',
8 verbose parsed url   path: 'jquery',
8 verbose parsed url   href: 'jquery' }
9 silly lockFile 6f2ab963-jquery jquery
10 verbose lock jquery D:\userdata\pnarvane\Application Data\npm-cache\6f2ab963-jquery.lock
11 silly lockFile 6f2ab963-jquery jquery
12 silly lockFile 6f2ab963-jquery jquery
13 verbose addNamed [ 'jquery', '' ]
14 verbose addNamed [ null, '*' ]
15 silly lockFile 039e748d-jquery jquery@
16 verbose lock jquery@ D:\userdata\pnarvane\Application Data\npm-cache\039e748d-jquery.lock
17 silly addNameRange { name: 'jquery', range: '*', hasData: false }
18 verbose request where is /jquery
19 verbose request registry https://registry.npmjs.org/
20 verbose request id 076157fdce0bfd24
21 verbose url raw /jquery
22 verbose url resolving [ 'https://registry.npmjs.org/', './jquery' ]
23 verbose url resolved https://registry.npmjs.org/jquery
24 verbose request where is https://registry.npmjs.org/jquery
25 info trying registry request attempt 1 at 13:39:19
26 http GET https://registry.npmjs.org/jquery
27 info retry will retry, error on last attempt: Error: connect ETIMEDOUT
28 info trying registry request attempt 2 at 13:39:50
29 http GET https://registry.npmjs.org/jquery
30 info retry will retry, error on last attempt: Error: connect ETIMEDOUT
31 info trying registry request attempt 3 at 13:41:11
32 http GET https://registry.npmjs.org/jquery
33 silly lockFile 039e748d-jquery jquery@
34 silly lockFile 039e748d-jquery jquery@
35 error network connect ETIMEDOUT
35 error network This is most likely not a problem with npm itself
35 error network and is related to network connectivity.
35 error network In most cases you are behind a proxy or have bad network settings.
35 error network
35 error network If you are behind a proxy, please make sure that the
35 error network 'proxy' config is set properly.  See: 'npm help config'
36 error System Windows_NT 6.1.7601
37 error command "C:\\Program Files\\nodejs\\\\node.exe" "C:\\Program Files\\nodejs\\node_modules\\npm\\bin\\npm-cli.js" "install" "jquery" "--save"
38 error cwd D:\userdata\pnarvane\GitHub\mashup-Pia\jogs
39 error node -v v0.10.36
40 error npm -v 1.4.28
41 error syscall connect
42 error code ETIMEDOUT
43 error errno ETIMEDOUT
44 verbose exit [ 1, true ]
